LDP-A-1	LDP-AC-GND-SVC-BUS	breaker60_up
LDP-A-2	LTRU-PWR	breaker50_up
LDP-A-3	LDP-AC-ESS-TIEBUS	breaker90_up
LDP-A-4	G5-GALLEY-L2	breaker50_up
LDP-A-5	G5-GALLEY-L1	breaker50_up
LDP-A-6	L-ETRAS	breaker60_up
LDP-A-7	HYD-EMP3B	breaker80_up
LDP-B-1	AFT-CARGO-PDU	breaker25_up
LDP-B-2	FWD-CARGO-PDU	breaker25_up
LDP-B-3	RPDU11-LRM10	breaker25_up
LDP-B-4	RPDU51-LRM8	breaker25_up
LDP-B-5	EPTRU-PWR	breaker3_up
LDP-B-6	L-AC-SENSE-RLY	breaker3_up
LDP-6-7	LOPU-POR	breaker3_up
LDP-6-8	LGCU-POR	breaker3_up
LDP-C-1	MAIN-BATTCHRG-IN	breaker10_up
LDP-C-2	RPDU81-LRM8	breaker20_up
LDP-C-3	RPDU81-LRM7	breaker20_up
LDP-C-4	RPDU81-LRM6	breaker25_up
LDP-C-5	RPDU25-LRM8	breaker20_up
LDP-C-6	RPDU25-LRM7	breaker25_up
LDP-C-7	RPDU25-LRM6	breaker25_up
LDP-C-8	RPDU23-LRM8	breaker20_up
LDP-D-1	RPDU23-LRM7	breaker20_up
LDP-D-2	RPDU23-LRM6	breaker25_up
LDP-D-3	RPDU21-LRM8	breaker25_up
LDP-D-4	RPDU21-LRM7	breaker20_up
LDP-D-5	RFAN1-PWR	breaker20_up
LDP-D-6	WHC-LH	breaker25_up
LDP-D-7	MCU1-LUX	breaker25_up
LDP-D-8	L-CTR-AC-PUMP	breaker25_up
LDP-E-1	FUEL-LRMINPC	breaker10_up
LDP-E-2	RPDU11-MAINT	breaker10_up
LDP-E-3	RPDU12-MAINT	breaker10_up
LDP-E-4	LBPCU-PS-MAInt	breaker10_up
LDP-E-5	HYD-FWSOV1	breaker5_up
LDP-E-6	IRU3-INPB	breaker3_up
LDP-E-7	IRU-RELAY	breaker3_up
LDP-F-1	ECU-INPUTA	breaker15_up
LDP-F-2	FCP-CHA	breaker10_up
LDP-F-3	HYD-FWS0V2	breaker5_up
LDP-F-4	LBPCU-BATT-PWR	breaker10_up
LDP-F-5	APU-FUEL-SOV	breaker3_up
LDP-F-6	IRU1-INPB	breaker3_up
LDP-F-7	IRU2-INPB	breaker3_up
LDP-F-8	EDP-EMPC C-BATT	breaker75_up
LDP-G-2	RPDU51-LRM4	breaker25_up
LDP-G-3	DC-APU-PUMP	breaker20_up
LDP-G-4	RPDU51-DCB1	breaker10_up
LDP-G-5	RSW3-CHA	breaker5_up
LDP-G-6	RDIU11-CHA	breaker3_up
LDP-G-7	RDIU13-CHA	breaker3_up
LDP-G-8	RDIU15-CHA	breaker3_up
LDP-G-9	LETR-CB1	breaker3_up
LDP-G-10	LETR-CB2	breaker3_up
LDP-H-2	RPDU11-LRM8	breaker25_up
LDP-H-3	RPDU51-LRM3	breaker25_up
LDP-H-4	RPDU51-DCA1	breaker10_up
LDP-H-5	LBPCU-PS-LDCESS	breaker10_up
LDP-H-6	RBPCU-PS-LDCESS	breaker10_up
LDP-H-7	LGCU-PS	breaker75_up
LDP-H-8	SPARE-LDP-DC-1	breaker3_up
LDP-H-9	LDP-CAN-LRM	breaker3_up
LDP-H-10	MAIN-BATT-SW	breaker3_up
LDP-J-2	RPDU11-LRM5	breaker25_up
LDP-J-3	RPDU11-LRM6	breaker25_up
LDP-J-4	RPDU11-DCA1	breaker10_up
LDP-J-5	RPDU11-DCB1	breaker10_up
LDP-J-6	FLAP-CHAN1-SOVS	breaker5_up
LDP-J-7	FSECU1	breaker3_up
LDP-J-8	L-ENG-FUEL-SOV	breaker3_up
LDP-J-9	EF1-SENSE	breaker3_up
LDP-F-11	RPDU82-DCB1	breaker10_up
LDP-F-12	RPDU81-DCA1	breaker10_up
LDP-F-13	RPDU26-DCB1	breaker10_up
LDP-F-14	RPDU81-LRM4	breaker25_up
LDP-F-15	RPDU25-LRM5	breaker25_up
LDP-G-11	DCGSTC-COIL	breaker3_up
LDP-G-12	RPDU25-DCA1	breaker10_up
LDP-G-13	RPDU24-DCB1	breaker10_up
LDP-G-14	RPDU23-DCA1	breaker10_up
LDP-G-15	RPDU23-LRM5	breaker25_up
LDP-G-16	RPDU23-LRM4	breaker25_up
LDP-H-11	RPDU22-DCB1	breaker10_up
LDP-H-12	RPDU21-DCA1	breaker10_up
LDP-H-13	RPDU11-DCA2	breaker25_up
LDP-H-14	GND-COOL-FAN	breaker25_up
LDP-H-15	RPDU23-LRM3	breaker25_up
LDP-H-16	RPDU21-LRM5	breaker25_up
LDP-J-11	RPDU11-DCB2	breaker10_up
LDP-J-12	RPDU51-DCB2	breaker10_up
LDP-J-13	RPDU11-LRM9	breaker25_up
LDP-J-14	RPDU51-LRM5	breaker25_up
LDP-K-1	MAIN-BATTCHRGOUT	breaker60_up
LDP-K-2	CPR-CAB1-CHC	breaker50_up
LDP-K-3	PCM3-INPB	breaker35_up
LDP-K-4	PCM4-INPB	breaker35_up
LDP-K-5	INV-INPUT	breaker70_up
LDP-K-6	CPR-CAB1-CHB	breaker50_up
LDP-K-7	RPDU11-LRM7	breaker50_up
LDP-K-8	PCM1-INPA	breaker35_up
LDP-K-9	LICBP-LDCESS-POUT	breaker35_up
LDP-K-10	RPDU81-LRM3	breaker35_up
LDP-K-11	RPDU21-LRM4	breaker35_up
LDP-K-12	RPDU51-LRM6	breaker50_up
LDP-K-13	RPDU25-LRM4	breaker50_up
LDP-K-14	RPDU25-LRM3	breaker50_up
LDP-K-15	RPDU21-LRM3	breaker50_up
LDP-K-16	CPR-CAB2-CHA	breaker50_up
LDP-K-17	LDP-DC-GND-SVC-BUS	breaker50_up
