RDP-A-1	RDP-AC-ESS-TIEBUS	breaker1_up
RDP-A-2	G1-GALLEY	breaker1_up
RDP-A-3	HYD-EMP1B	breaker1_up
RDP-A-4	R-ETRAS	breaker2_up
RDP-A-5	G5-GALLEY-R	breaker2_up
RDP-A-6	RTRU-PWR	breaker2_up
RDP-A-7	MCU2-LUX	breaker2_up
RDP-B-1	R-CTR-AC-PUMP	breaker3_up
RDP-B-2	VFMD-VAC	breaker3_up
RDP-B-3	RPDU22-LRM7	breaker3_up
RDP-B-4	RPDU24-LRM7	breaker3_up
RDP-B-5	RPDU26-LRM7	breaker3_up
RDP-B-6	RPDU82-LRM6	breaker3_up
RDP-B-7	RPDU82-LRM8	breaker3_up
RDP-B-8	R-AC-SENSE-RLY	breaker3_up
RDP-C-1	WHC-RH	breaker3_up
RDP-C-2	RPDU12-LRM10	breaker3_up
RDP-C-3	RPDU22-LRM8	breaker3_up
RDP-C-4	RPDU24-LRM8	breaker3_up
RDP-C-5	RPDU26-LRM8	breaker3_up
RDP-C-6	RPDU82-LRM7	breaker3_up
RDP-C-7	APU-BATTCHRG-IN	breaker3_up
RDP-D-1	RFAN2-PWR	breaker3_up
RDP-D-2	RPDU22-LRM6	breaker3_up
RDP-D-3	RPDU24-LRM6	breaker3_up
RDP-D-4	RPDU26-LRM6	breaker3_up
RDP-D-5	RPDU52-LRM8	breaker3_up
RDP-D-6	ROPU-POR	breaker3_up
RDP-D-7	RGCU-POR	breaker3_up
RDP-E-1	RAT-STOW-PNL	breaker3_up
RDP-E-2	RPDU25-DCB1	breaker3_up
RDP-E-3	RPDU21-DCB1	breaker3_up
RDP-E-4	RPDU52-LRM7	breaker3_up
RDP-E-5	RPDU22-RLM4	breaker3_up
RDP-F-1	EF6-SENSE	breaker3_up
RDP-F-2	RPDU26-DCA1	breaker3_up
RDP-F-3	RPDU22-DCA1	breaker3_up
RDP-F-4	RPDU82-LRM3	breaker3_up
RDP-F-5	RPDU22-LRM5	breaker3_up
RDP-G-2	RPDU81-DCB1	breaker3_up
RDP-G-3	RPDU23-DCB1	breaker3_up
RDP-G-4	RPDU82-LRM4	breaker3_up
RDP-G-5	RPDU24-LRM4	breaker3_up
RDP-H-2	RPDU82-DCA1	breaker3_down
RDP-H-3	RPDU24-DCA1	breaker3_down
RDP-H-4	RPDU12-DCA2	breaker3_up
RDP-H-5	RPDU26-LRM4	breaker3_up
RDP-J-6	RDP-CAN-LRM	breaker3_up
RDP-J-7	RGCU-PS	breaker3_up
RDP-J-8	RSW4-CHA	breaker3_up
RDP-J-9	RAT-MNL-SW	breaker3_up
RDP-J-10	RPDU12-DCB1	breaker3_up
RDP-J-11	RPDU12-LRM6	breaker3_up
RDP-K-7	SPARE-RDP-DC-1	breaker3_up
RDP-K-8	TRV-RELAY	breaker3_up
RDP-K-9	LBPCU-PS-RDCESS	breaker3_up
RDP-K-10	RPDU52-DCA1	breaker3_up
RDP-K-11	RICBP-RDCESS-POUT	breaker3_up
RDP-H-7	EDP-EMPC-B-LRM	breaker3_up
RDP-H-8	R-ENG-FUEL-SOV	breaker3_up
RDP-H-9	RBPCU-PS-RDCESS	breaker3_up
RDP-H-10	RPDU52-DCB1	breaker3_up
RDP-H-11	RPDU12-DCA1	breaker3_up
RDP-H-12	RETR-CB2	breaker3_up
RDP-H-13	RETR-CB1	breaker3_up
RDP-H-14	APU-BATT-SW	breaker3_up
RDP-L-1	RPDU52-LRM6	breaker4_up
RDP-L-2	RPDU26-LRM3	breaker4_up
RDP-L-3	RPDU52-LRM5	breaker4_up
RDP-L-4	RPDU24-LRM3	breaker4_up
RDP-L-5	RPDU22-LRM3	breaker4_up
RDP-L-6	CPR-CAB2-CHB	breaker4_up
RDP-L-7	RPDU52-LRM4	breaker4_up
RDP-L-8	RPDU52-LRM3	breaker4_up
RDP-L-9	RPDU12-LRM7	breaker4_up
RDP-L-10	RPDU12-LRM5	breaker4_up
RDP-L-11	PCM4-INPA	breaker4_up
RDP-L-12	PCM4-INPA	breaker4_up
RDP-L-13	RPDU12-LRM8	breaker4_up
RDP-L-14	APU-BATTCHRG-OUT	breaker4_up
RDP-L-15	CPR-CABINET2-CHC	breaker4_up
RDP-L-16	RBPCU-BATT-PWR	breaker4_up
